Using pre-set license
Built from '2020.2/release' branch; Version is '2020.2.1f1 (270dd8c3da1c) revision 2559448'; Using compiler version '192528614'; Build Type 'Release'
OS: 'Windows 10  (10.0.0) 64bit' Language: 'en' Physical Memory: 16315 MB
BatchMode: 1, IsHumanControllingUs: 0, StartBugReporterOnCrash: 0, Is64bit: 1, IsPro: 0

 COMMAND LINE ARGUMENTS:
C:\Program Files\Unity\Hub\Editor\2020.2.1f1\Editor\Unity.exe
-adb2
-batchMode
-noUpm
-name
AssetImportWorker0
-projectPath
C:/Users/andre/Documents/GitHub/TestShaders/SnowShader
-logFile
Logs/AssetImportWorker0.log
-srvPort
64091
Successfully changed project path to: C:/Users/andre/Documents/GitHub/TestShaders/SnowShader
C:/Users/andre/Documents/GitHub/TestShaders/SnowShader
Using Asset Import Pipeline V2.
Refreshing native plugins compatible for Editor in 43.59 ms, found 0 plugins.
Preloading 0 native plugins for Editor in 0.00 ms.
Initialize engine version: 2020.2.1f1 (270dd8c3da1c)
[Subsystems] Discovering subsystems at path C:/Program Files/Unity/Hub/Editor/2020.2.1f1/Editor/Data/Resources/UnitySubsystems
[Subsystems] Discovering subsystems at path C:/Users/andre/Documents/GitHub/TestShaders/SnowShader/Assets
GfxDevice: creating device client; threaded=0
Direct3D:
    Version:  Direct3D 11.0 [level 11.1]
    Renderer: NVIDIA GeForce GTX 1060 3GB (ID=0x1c02)
    Vendor:   
    VRAM:     2988 MB
    Driver:   26.21.14.3200
Shader 'Universal Render Pipeline/Particles/Lit': fallback shader 'Universal Render Pipeline/Particles/SimpleLit' not found
Initialize mono
Mono path[0] = 'C:/Program Files/Unity/Hub/Editor/2020.2.1f1/Editor/Data/Managed'
Mono path[1] = 'C:/Program Files/Unity/Hub/Editor/2020.2.1f1/Editor/Data/MonoBleedingEdge/lib/mono/unityjit'
Mono config path = 'C:/Program Files/Unity/Hub/Editor/2020.2.1f1/Editor/Data/MonoBleedingEdge/etc'
Using monoOptions --debugger-agent=transport=dt_socket,embedding=1,server=y,suspend=n,address=127.0.0.1:56980
Begin MonoManager ReloadAssembly
Registering precompiled unity dll's ...
Register platform support module: C:/Program Files/Unity/Hub/Editor/2020.2.1f1/Editor/Data/PlaybackEngines/WindowsStandaloneSupport/UnityEditor.WindowsStandalone.Extensions.dll
Registered in 0.001566 seconds.
Native extension for WindowsStandalone target not found
Refreshing native plugins compatible for Editor in 43.63 ms, found 0 plugins.
Preloading 0 native plugins for Editor in 0.00 ms.
Invoked RoslynAnalysisRunner static constructor.
RoslynAnalysisRunner will not be running.
RoslynAnalysisRunner has terminated.
Mono: successfully reloaded assembly
- Completed reload, in  1.029 seconds
Platform modules already initialized, skipping
Registering precompiled user dll's ...
Registered in 0.001352 seconds.
Begin MonoManager ReloadAssembly
Native extension for WindowsStandalone target not found
Refreshing native plugins compatible for Editor in 41.49 ms, found 0 plugins.
Preloading 0 native plugins for Editor in 0.00 ms.
Invoked RoslynAnalysisRunner static constructor.
RoslynAnalysisRunner will not be running.
RoslynAnalysisRunner has terminated.
Mono: successfully reloaded assembly
- Completed reload, in  0.886 seconds
Platform modules already initialized, skipping
========================================================================
Worker process is ready to serve import requests
Shader 'Universal Render Pipeline/Particles/Lit': fallback shader 'Universal Render Pipeline/Particles/SimpleLit' not found
Launched and connected shader compiler UnityShaderCompiler.exe after 0.04 seconds
Refreshing native plugins compatible for Editor in 0.39 ms, found 0 plugins.
Preloading 0 native plugins for Editor in 0.00 ms.
Unloading 2493 Unused Serialized files (Serialized files now loaded: 0)
System memory in use before: 115.2 MB.
System memory in use after: 115.3 MB.

Unloading 11 unused Assets to reduce memory usage. Loaded Objects now: 2935.
Total: 2.477800 ms (FindLiveObjects: 0.297700 ms CreateObjectMapping: 0.152500 ms MarkObjects: 1.953300 ms  DeleteObjects: 0.072500 ms)

========================================================================
Received Import Request.
  path: Assets/Readme.asset
  artifactKey: Guid(83c2ed844a8c74b779a4c823d16594b1) Importer(815301076,1909f56bfc062723c751e8b465ee728b)
Start importing Assets/Readme.asset using Guid(83c2ed844a8c74b779a4c823d16594b1) Importer(815301076,1909f56bfc062723c751e8b465ee728b)  -> (artifact id: 'f4e359b7e94c49a95a639ee94d423a67') in 0.034617 seconds
  Import took 0.038457 seconds .

========================================================================
Received Import Request.
  Time since last request: 47.682159 seconds.
  path: Assets/Shaders
  artifactKey: Guid(6312429b289fe0241bd0663300569e2e) Importer(815301076,1909f56bfc062723c751e8b465ee728b)
Start importing Assets/Shaders using Guid(6312429b289fe0241bd0663300569e2e) Importer(815301076,1909f56bfc062723c751e8b465ee728b)  -> (artifact id: 'dead2918c11c37977a4d26b16c288dd2') in 0.002676 seconds
  Import took 0.006307 seconds .

========================================================================
Received Import Request.
  Time since last request: 0.000667 seconds.
  path: Assets/Shaders
  artifactKey: Guid(6312429b289fe0241bd0663300569e2e) Importer(815301076,1909f56bfc062723c751e8b465ee728b)
Start importing Assets/Shaders using Guid(6312429b289fe0241bd0663300569e2e) Importer(815301076,1909f56bfc062723c751e8b465ee728b)  -> (artifact id: 'dead2918c11c37977a4d26b16c288dd2') in 0.002044 seconds
  Import took 0.006270 seconds .

========================================================================
Received Import Request.
  Time since last request: 0.123487 seconds.
  path: Assets/Shaders/Render Texture.renderTexture
  artifactKey: Guid(26d79da908b37544b84bb2833c06cee5) Importer(815301076,1909f56bfc062723c751e8b465ee728b)
Start importing Assets/Shaders/Render Texture.renderTexture using Guid(26d79da908b37544b84bb2833c06cee5) Importer(815301076,1909f56bfc062723c751e8b465ee728b)  -> (artifact id: '189cc630c00003bf57314bd63402c12a') in 0.045909 seconds
  Import took 0.049549 seconds .

========================================================================
Received Import Request.
  Time since last request: 0.000220 seconds.
  path: Assets/Shaders/SnowNoize(1).png
  artifactKey: Guid(168bf8a68dd01d442adce4f6c1660b96) Importer(815301076,1909f56bfc062723c751e8b465ee728b)
Start importing Assets/Shaders/SnowNoize(1).png using Guid(168bf8a68dd01d442adce4f6c1660b96) Importer(815301076,1909f56bfc062723c751e8b465ee728b)  -> (artifact id: '40293fdc4738ad24d099408959e40056') in 0.037479 seconds
  Import took 0.041040 seconds .

========================================================================
Received Import Request.
  Time since last request: 0.000221 seconds.
  path: Assets/Shaders/SnowTex(1).png
  artifactKey: Guid(61adfbdf40e01594a9dec57779f21b98) Importer(815301076,1909f56bfc062723c751e8b465ee728b)
Start importing Assets/Shaders/SnowTex(1).png using Guid(61adfbdf40e01594a9dec57779f21b98) Importer(815301076,1909f56bfc062723c751e8b465ee728b)  -> (artifact id: '19ae9747389dcf357763a77f676d1e79') in 0.006934 seconds
  Import took 0.010464 seconds .

========================================================================
Received Import Request.
  Time since last request: 4.155778 seconds.
  path: Assets/Shaders/URPUnlitShaderTessallated.shader
  artifactKey: Guid(f222d13981ee5c7439bc8360eadb321e) Importer(815301076,1909f56bfc062723c751e8b465ee728b)
Start importing Assets/Shaders/URPUnlitShaderTessallated.shader using Guid(f222d13981ee5c7439bc8360eadb321e) Importer(815301076,1909f56bfc062723c751e8b465ee728b)  -> (artifact id: '36433b40a2a6c043193657de6e72a9bf') in 0.004598 seconds
  Import took 0.008249 seconds .

========================================================================
Received Import Request.
  Time since last request: 0.018365 seconds.
  path: Assets/Shaders/URPUnlitShaderTessallated.shader
  artifactKey: Guid(f222d13981ee5c7439bc8360eadb321e) Importer(815301076,1909f56bfc062723c751e8b465ee728b)
Start importing Assets/Shaders/URPUnlitShaderTessallated.shader using Guid(f222d13981ee5c7439bc8360eadb321e) Importer(815301076,1909f56bfc062723c751e8b465ee728b)  -> (artifact id: '36433b40a2a6c043193657de6e72a9bf') in 0.002993 seconds
  Import took 0.007220 seconds .

========================================================================
Received Import Request.
  Time since last request: 17.741469 seconds.
  path: Assets/Shaders/URPUnlitShaderTessallated.shader
  artifactKey: Guid(f222d13981ee5c7439bc8360eadb321e) Importer(815301076,1909f56bfc062723c751e8b465ee728b)
Start importing Assets/Shaders/URPUnlitShaderTessallated.shader using Guid(f222d13981ee5c7439bc8360eadb321e) Importer(815301076,1909f56bfc062723c751e8b465ee728b)  -> (artifact id: 'a66c5de8b23fa02a4bd0c81b37ce6a06') in 0.003430 seconds
  Import took 0.007145 seconds .

========================================================================
Received Import Request.
  Time since last request: 456.659270 seconds.
  path: Assets/Shaders/URPUnlitShaderTessallated.shader
  artifactKey: Guid(f222d13981ee5c7439bc8360eadb321e) Importer(815301076,1909f56bfc062723c751e8b465ee728b)
Start importing Assets/Shaders/URPUnlitShaderTessallated.shader using Guid(f222d13981ee5c7439bc8360eadb321e) Importer(815301076,1909f56bfc062723c751e8b465ee728b)  -> (artifact id: '1e3e14666121bd8d2342fd5e74d81b83') in 0.003505 seconds
  Import took 0.007829 seconds .

========================================================================
Received Import Request.
  Time since last request: 120.058313 seconds.
  path: Assets/Shaders/URPUnlitShaderTessallated.shader
  artifactKey: Guid(f222d13981ee5c7439bc8360eadb321e) Importer(815301076,1909f56bfc062723c751e8b465ee728b)
Start importing Assets/Shaders/URPUnlitShaderTessallated.shader using Guid(f222d13981ee5c7439bc8360eadb321e) Importer(815301076,1909f56bfc062723c751e8b465ee728b)  -> (artifact id: '1806bca5b5d31d72d2fc01114ad6ff62') in 0.002965 seconds
  Import took 0.007635 seconds .

========================================================================
Received Import Request.
  Time since last request: 32.252210 seconds.
  path: Assets/Textures/New Render Texture.renderTexture
  artifactKey: Guid(0d9d0d55c3921094f84f478627ae4eee) Importer(815301076,1909f56bfc062723c751e8b465ee728b)
Start importing Assets/Textures/New Render Texture.renderTexture using Guid(0d9d0d55c3921094f84f478627ae4eee) Importer(815301076,1909f56bfc062723c751e8b465ee728b)  -> (artifact id: '856aa7d952a44330865f1de4086bd626') in 0.008048 seconds
  Import took 0.012288 seconds .

========================================================================
Received Import Request.
  Time since last request: 0.000246 seconds.
  path: Assets/Textures/Water (1).gif
  artifactKey: Guid(e5f11894351d7ed41905cd9b5e98853f) Importer(815301076,1909f56bfc062723c751e8b465ee728b)
Start importing Assets/Textures/Water (1).gif using Guid(e5f11894351d7ed41905cd9b5e98853f) Importer(815301076,1909f56bfc062723c751e8b465ee728b)  -> (artifact id: '02088c647fc8891c5953a9e4711c037c') in 0.017349 seconds
  Import took 0.020900 seconds .

========================================================================
Received Import Request.
  Time since last request: 0.000217 seconds.
  path: Assets/Textures/WaterSound.png
  artifactKey: Guid(097d1b9269d55e945ad5b5139676a6c2) Importer(815301076,1909f56bfc062723c751e8b465ee728b)
Start importing Assets/Textures/WaterSound.png using Guid(097d1b9269d55e945ad5b5139676a6c2) Importer(815301076,1909f56bfc062723c751e8b465ee728b)  -> (artifact id: '1191c5ac00f9d88e1543bee92507301b') in 0.041098 seconds
  Import took 0.044692 seconds .

========================================================================
Received Import Request.
  Time since last request: 0.000251 seconds.
  path: Assets/Textures/Water (2).png
  artifactKey: Guid(f864c5fc43f4d7d42b86f7587f350387) Importer(815301076,1909f56bfc062723c751e8b465ee728b)
Start importing Assets/Textures/Water (2).png using Guid(f864c5fc43f4d7d42b86f7587f350387) Importer(815301076,1909f56bfc062723c751e8b465ee728b)  -> (artifact id: '9c99cae35de0319dd9728485ce4a3833') in 0.036672 seconds
  Import took 0.040019 seconds .

========================================================================
Received Import Request.
  Time since last request: 0.000225 seconds.
  path: Assets/Textures/WaterShape.png
  artifactKey: Guid(dc73c0591afcf2b4d9d60586fc8d3def) Importer(815301076,1909f56bfc062723c751e8b465ee728b)
Start importing Assets/Textures/WaterShape.png using Guid(dc73c0591afcf2b4d9d60586fc8d3def) Importer(815301076,1909f56bfc062723c751e8b465ee728b)  -> (artifact id: '2f9cc843db14c6edaa228d38a812a9a9') in 0.011582 seconds
  Import took 0.014953 seconds .

========================================================================
Received Import Request.
  Time since last request: 4.279671 seconds.
  path: Assets/Materials/Box.mat
  artifactKey: Guid(f11ac42ce5f38ed4c9d232bc81ac4b19) Importer(815301076,1909f56bfc062723c751e8b465ee728b)
Start importing Assets/Materials/Box.mat using Guid(f11ac42ce5f38ed4c9d232bc81ac4b19) Importer(815301076,1909f56bfc062723c751e8b465ee728b)  -> (artifact id: 'd0f283059beb3a655663ca4f7fa16dd8') in 0.527971 seconds
  Import took 0.531789 seconds .

========================================================================
Received Import Request.
  Time since last request: 0.000245 seconds.
  path: Assets/Materials/Ripple Material.mat
  artifactKey: Guid(63ef729dfe09b374e877a92589167434) Importer(815301076,1909f56bfc062723c751e8b465ee728b)
Start importing Assets/Materials/Ripple Material.mat using Guid(63ef729dfe09b374e877a92589167434) Importer(815301076,1909f56bfc062723c751e8b465ee728b)  -> (artifact id: '0bba0ddc5ddb35316ff9a875c9c4cfbd') in 0.043344 seconds
  Import took 0.047004 seconds .

========================================================================
Received Import Request.
  Time since last request: 0.000255 seconds.
  path: Assets/Materials/Skybox_Mat.mat
  artifactKey: Guid(0ffaa0b7117ba8c47a9d05ae701d4b4d) Importer(815301076,1909f56bfc062723c751e8b465ee728b)
Start importing Assets/Materials/Skybox_Mat.mat using Guid(0ffaa0b7117ba8c47a9d05ae701d4b4d) Importer(815301076,1909f56bfc062723c751e8b465ee728b)  -> (artifact id: '83bfe595d46a1687a4ba29cac887e054') in 0.023804 seconds
  Import took 0.027389 seconds .

========================================================================
Received Import Request.
  Time since last request: 0.000156 seconds.
  path: Assets/Materials/Sphere.mat
  artifactKey: Guid(959e4f8447de5a54aa259856f63c424d) Importer(815301076,1909f56bfc062723c751e8b465ee728b)
Start importing Assets/Materials/Sphere.mat using Guid(959e4f8447de5a54aa259856f63c424d) Importer(815301076,1909f56bfc062723c751e8b465ee728b)  -> (artifact id: 'ccfbadb4d26030a4073b1e360cf728d3') in 0.013607 seconds
  Import took 0.017326 seconds .

========================================================================
Received Import Request.
  Time since last request: 0.000135 seconds.
  path: Assets/Materials/Skybox_Mat.mat
  artifactKey: Guid(0ffaa0b7117ba8c47a9d05ae701d4b4d) Importer(815301076,1909f56bfc062723c751e8b465ee728b)
Start importing Assets/Materials/Skybox_Mat.mat using Guid(0ffaa0b7117ba8c47a9d05ae701d4b4d) Importer(815301076,1909f56bfc062723c751e8b465ee728b)  -> (artifact id: '83bfe595d46a1687a4ba29cac887e054') in 0.021525 seconds
  Import took 0.026056 seconds .

========================================================================
Received Import Request.
  Time since last request: 343.901550 seconds.
  path: Assets/Shaders/URPUnlitShaderTessallated.shader
  artifactKey: Guid(f222d13981ee5c7439bc8360eadb321e) Importer(815301076,1909f56bfc062723c751e8b465ee728b)
Start importing Assets/Shaders/URPUnlitShaderTessallated.shader using Guid(f222d13981ee5c7439bc8360eadb321e) Importer(815301076,1909f56bfc062723c751e8b465ee728b)  -> (artifact id: '6129a7817ccb10f70ba864e5c6342b73') in 0.007061 seconds
  Import took 0.013239 seconds .

========================================================================
Received Import Request.
  Time since last request: 26.458163 seconds.
  path: Assets/Shaders/URPUnlitShaderTessallated.shader
  artifactKey: Guid(f222d13981ee5c7439bc8360eadb321e) Importer(815301076,1909f56bfc062723c751e8b465ee728b)
Start importing Assets/Shaders/URPUnlitShaderTessallated.shader using Guid(f222d13981ee5c7439bc8360eadb321e) Importer(815301076,1909f56bfc062723c751e8b465ee728b)  -> (artifact id: '615fec2615b85f90d384d4f242ffc524') in 0.003161 seconds
  Import took 0.006846 seconds .

========================================================================
Received Import Request.
  Time since last request: 48.864365 seconds.
  path: Assets/Settings/ForwardRenderer.asset
  artifactKey: Guid(4a8e21d5c33334b11b34a596161b9360) Importer(815301076,1909f56bfc062723c751e8b465ee728b)
Start importing Assets/Settings/ForwardRenderer.asset using Guid(4a8e21d5c33334b11b34a596161b9360) Importer(815301076,1909f56bfc062723c751e8b465ee728b)  -> (artifact id: 'ba89ca2aa8b2f51efa06f408812ad111') in 0.007969 seconds
  Import took 0.011766 seconds .

========================================================================
Received Import Request.
  Time since last request: 0.000265 seconds.
  path: Assets/Settings/SampleSceneProfile.asset
  artifactKey: Guid(10fc4df2da32a41aaa32d77bc913491c) Importer(815301076,1909f56bfc062723c751e8b465ee728b)
Start importing Assets/Settings/SampleSceneProfile.asset using Guid(10fc4df2da32a41aaa32d77bc913491c) Importer(815301076,1909f56bfc062723c751e8b465ee728b)  -> (artifact id: 'ddcf8880455edab33b5426ddc1583914') in 0.007070 seconds
  Import took 0.010864 seconds .

========================================================================
Received Import Request.
  Time since last request: 0.000289 seconds.
  path: Assets/Settings/UniversalRP-LowQuality.asset
  artifactKey: Guid(a31e9f9f9c9d4b9429ed0d1234e22103) Importer(815301076,1909f56bfc062723c751e8b465ee728b)
Start importing Assets/Settings/UniversalRP-LowQuality.asset using Guid(a31e9f9f9c9d4b9429ed0d1234e22103) Importer(815301076,1909f56bfc062723c751e8b465ee728b)  -> (artifact id: '402f678e3932e41eee214efb33fa5dcb') in 0.005471 seconds
  Import took 0.009514 seconds .

========================================================================
Received Import Request.
  Time since last request: 0.000248 seconds.
  path: Assets/Settings/UniversalRP-MediumQuality.asset
  artifactKey: Guid(d847b876476d3d6468f5dfcd34266f96) Importer(815301076,1909f56bfc062723c751e8b465ee728b)
Start importing Assets/Settings/UniversalRP-MediumQuality.asset using Guid(d847b876476d3d6468f5dfcd34266f96) Importer(815301076,1909f56bfc062723c751e8b465ee728b)  -> (artifact id: '8f9aeb53ed5bfbc6eda8219b60c78586') in 0.029184 seconds
  Import took 0.032556 seconds .

========================================================================
Received Import Request.
  Time since last request: 0.000311 seconds.
  path: Assets/Settings/UniversalRP-HighQuality.asset
  artifactKey: Guid(19ba41d7c0026c3459d37c2fe90c55a0) Importer(815301076,1909f56bfc062723c751e8b465ee728b)
Start importing Assets/Settings/UniversalRP-HighQuality.asset using Guid(19ba41d7c0026c3459d37c2fe90c55a0) Importer(815301076,1909f56bfc062723c751e8b465ee728b)  -> (artifact id: 'fdf4477542acffb0b264aebc5b9093aa') in 0.005781 seconds
  Import took 0.009411 seconds .

========================================================================
Received Import Request.
  Time since last request: 412.432161 seconds.
  path: Assets/Shaders/URPUnlitShaderTessallated.shader
  artifactKey: Guid(f222d13981ee5c7439bc8360eadb321e) Importer(815301076,1909f56bfc062723c751e8b465ee728b)
Start importing Assets/Shaders/URPUnlitShaderTessallated.shader using Guid(f222d13981ee5c7439bc8360eadb321e) Importer(815301076,1909f56bfc062723c751e8b465ee728b)  -> (artifact id: 'aed2c353751fa19ba4d6da1138848a6f') in 0.008106 seconds
  Import took 0.012621 seconds .

========================================================================
Received Import Request.
  Time since last request: 55.290518 seconds.
  path: Assets/Shaders/URPUnlitShaderTessallated.shader
  artifactKey: Guid(f222d13981ee5c7439bc8360eadb321e) Importer(815301076,1909f56bfc062723c751e8b465ee728b)
Start importing Assets/Shaders/URPUnlitShaderTessallated.shader using Guid(f222d13981ee5c7439bc8360eadb321e) Importer(815301076,1909f56bfc062723c751e8b465ee728b)  -> (artifact id: 'b600fae8843499471ec7308ec6258654') in 0.003264 seconds
  Import took 0.007095 seconds .

AssetImportWorkerClient::OnTransportError - code=2 error=End of file
